<?xml version="1.0" encoding="UTF-8"?>
<!-- Generated by org.testng.reporters.JUnitXMLReporter -->
<testsuite hostname="NDI-LAP-762" ignored="2" name="Free CRM App Test Cases For Sanity" tests="4" failures="1" timestamp="28 Nov 2018 08:45:32 GMT" time="59.996" errors="0">
  <testcase name="homePageVerifyCorrectUserName" time="0.102" classname="com.freecrm.qa.testcases.HomePageTest"/>
  <testcase name="homePageVerifyTitleTest" time="0.016" classname="com.freecrm.qa.testcases.HomePageTest">
    <failure type="java.lang.AssertionError" message="Home page title does not match. expected [CRMPRO1] but found [CRMPRO]">
      <![CDATA[java.lang.AssertionError: Home page title does not match. expected [CRMPRO1] but found [CRMPRO]
	at com.freecrm.qa.testcases.HomePageTest.homePageVerifyTitleTest(HomePageTest.java:55)
... Removed 30 stack frames]]>
    </failure>
  </testcase> <!-- homePageVerifyTitleTest -->
  <testcase name="loginTest" time="11.927" classname="com.freecrm.qa.testcases.LoginPageTest"/>
  <testcase name="verifyContactsLinkTest" time="0.0" classname="com.freecrm.qa.testcases.HomePageTest">
    <skipped/>
  </testcase> <!-- verifyContactsLinkTest -->
  <testcase name="crmLogoImageTest" time="0.0" classname="com.freecrm.qa.testcases.LoginPageTest">
    <ignored/>
  </testcase> <!-- crmLogoImageTest -->
  <testcase name="loginPageTitleTest" time="0.0" classname="com.freecrm.qa.testcases.LoginPageTest">
    <ignored/>
  </testcase> <!-- loginPageTitleTest -->
</testsuite> <!-- Free CRM App Test Cases For Sanity -->
