<?xml version="1.0" encoding="UTF-8"?>
<!-- Generated by org.testng.reporters.JUnitXMLReporter -->
<testsuite hostname="NDI-LAP-762" ignored="2" name="Default test" tests="4" failures="0" timestamp="28 Nov 2018 15:39:25 GMT" time="128.879" errors="0">
  <testcase name="validateNewContact" time="3.519" classname="com.freecrm.qa.testcases.ContactsPageTest"/>
  <testcase name="validateNewContact" time="3.481" classname="com.freecrm.qa.testcases.ContactsPageTest"/>
  <testcase name="validateDeleteContact" time="29.138" classname="com.freecrm.qa.testcases.ContactsPageTest"/>
  <testcase name="validateDeleteContact" time="27.975" classname="com.freecrm.qa.testcases.ContactsPageTest"/>
  <testcase name="verifyContacyLabelTest" time="0.0" classname="com.freecrm.qa.testcases.ContactsPageTest">
    <ignored/>
  </testcase> <!-- verifyContacyLabelTest -->
  <testcase name="selectContactsByName" time="0.0" classname="com.freecrm.qa.testcases.ContactsPageTest">
    <ignored/>
  </testcase> <!-- selectContactsByName -->
</testsuite> <!-- Default test -->
