<?xml version="1.0" encoding="UTF-8"?>
<!-- Generated by org.testng.reporters.JUnitXMLReporter -->
<testsuite hostname="NDI-LAP-762" ignored="2" name="Default test" tests="8" failures="0" timestamp="06 Jul 2018 12:43:11 GMT" time="276.324" errors="0">
  <testcase name="validateNewContact" time="3.892" classname="com.freecrm.qa.testcases.ContactsPageTest"/>
  <testcase name="validateNewContact" time="3.642" classname="com.freecrm.qa.testcases.ContactsPageTest"/>
  <testcase name="validateNewContact" time="3.758" classname="com.freecrm.qa.testcases.ContactsPageTest"/>
  <testcase name="validateNewContact" time="3.827" classname="com.freecrm.qa.testcases.ContactsPageTest"/>
  <testcase name="validateDeleteContact" time="29.396" classname="com.freecrm.qa.testcases.ContactsPageTest"/>
  <testcase name="validateDeleteContact" time="27.947" classname="com.freecrm.qa.testcases.ContactsPageTest"/>
  <testcase name="validateDeleteContact" time="29.247" classname="com.freecrm.qa.testcases.ContactsPageTest"/>
  <testcase name="validateDeleteContact" time="28.819" classname="com.freecrm.qa.testcases.ContactsPageTest"/>
  <testcase name="verifyContacyLabelTest" time="0.0" classname="com.freecrm.qa.testcases.ContactsPageTest">
    <ignored/>
  </testcase> <!-- verifyContacyLabelTest -->
  <testcase name="selectContactsByName" time="0.0" classname="com.freecrm.qa.testcases.ContactsPageTest">
    <ignored/>
  </testcase> <!-- selectContactsByName -->
</testsuite> <!-- Default test -->
