<?xml version="1.0" encoding="UTF-8"?>
<testng-results skipped="0" failed="0" total="1" passed="1">
  <reporter-output>
  </reporter-output>
  <suite name="Default suite" duration-ms="27919" started-at="2018-12-02T16:15:51Z" finished-at="2018-12-02T16:16:18Z">
    <groups>
    </groups>
    <test name="Default test" duration-ms="27919" started-at="2018-12-02T16:15:51Z" finished-at="2018-12-02T16:16:18Z">
      <class name="com.freecrm.qa.testcases.LoginPageTest">
        <test-method status="PASS" signature="setup()[pri:0, instance:com.freecrm.qa.testcases.LoginPageTest@3bfdc050]" name="setup" is-config="true" duration-ms="16930" started-at="2018-12-02T21:45:51Z" finished-at="2018-12-02T21:46:08Z">
          <reporter-output>
          </reporter-output>
        </test-method> <!-- setup -->
        <test-method status="PASS" signature="loginTest()[pri:3, instance:com.freecrm.qa.testcases.LoginPageTest@3bfdc050]" name="loginTest" duration-ms="7510" started-at="2018-12-02T21:46:08Z" finished-at="2018-12-02T21:46:15Z">
          <reporter-output>
          </reporter-output>
        </test-method> <!-- loginTest -->
        <test-method status="PASS" signature="tearDown()[pri:0, instance:com.freecrm.qa.testcases.LoginPageTest@3bfdc050]" name="tearDown" is-config="true" duration-ms="3391" started-at="2018-12-02T21:46:15Z" finished-at="2018-12-02T21:46:18Z">
          <reporter-output>
          </reporter-output>
        </test-method> <!-- tearDown -->
      </class> <!-- com.freecrm.qa.testcases.LoginPageTest -->
    </test> <!-- Default test -->
  </suite> <!-- Default suite -->
</testng-results>
